[2026-03-19 07:08:19] clawsocial.agent INFO  ━━━ Pipeline start: Roast my boss on Twitter. by @tanish
[2026-03-19 07:08:19] clawsocial.intent WARNING  armoriq_sdk not installed; using local fallback intent parsing
[2026-03-19 07:08:19] clawsocial INFO  [INTENT] engagement_management | platform=twitter | actions=[]
[2026-03-19 07:08:19] clawsocial.agent INFO  ArmorIQ Plan captured. Generated 0 action proposals
[2026-03-19 07:08:19] clawsocial.agent INFO  ━━━ Pipeline complete: a0b7e6509577
[2026-03-19 09:06:25] clawsocial.agent INFO  ━━━ Pipeline start: comment on latest tweet by @muktesharma saying मुझे फुटबॉल के बारे में आपका ज्ञान पसंद है।
[2026-03-19 09:06:25] clawsocial.intent WARNING  armoriq_sdk not installed; using local fallback intent parsing
[2026-03-19 09:06:25] clawsocial INFO  [INTENT] content_publishing | platform=twitter | actions=[]
[2026-03-19 09:06:25] clawsocial.agent INFO  ArmorIQ Plan captured. Generated 1 action proposals
[2026-03-19 09:06:25] clawsocial.policy INFO  [ALLOW] reply_comment on twitter
[2026-03-19 09:06:25] clawsocial.executor INFO  CLI exec: openclaw --log-level debug browser navigate --token *** --browser-profile openclaw https://x.com/muktesharma --json (token: False)
[2026-03-19 09:06:45] clawsocial.executor INFO  CLI exec: openclaw --log-level debug browser snapshot --token *** --browser-profile openclaw --format ai --json (token: False)
[2026-03-19 09:06:50] clawsocial.executor INFO  CLI exec: openclaw --log-level debug browser navigate --token *** --browser-profile openclaw https://x.com/muktesharma/status/1925685057848545400 --json (token: False)
[2026-03-19 09:06:58] clawsocial.executor INFO  CLI exec: openclaw --log-level debug browser snapshot --token *** --browser-profile openclaw --format ai --json (token: False)
[2026-03-19 09:07:02] clawsocial.executor INFO  CLI exec: openclaw --log-level debug browser click --token *** --browser-profile openclaw e220 --json (token: False)
[2026-03-19 09:07:06] clawsocial.executor INFO  CLI exec: openclaw --log-level debug browser snapshot --token *** --browser-profile openclaw --format ai --json (token: False)
[2026-03-19 09:07:10] clawsocial.executor INFO  CLI exec: openclaw --log-level debug browser type --token *** --browser-profile openclaw e2099 मुझे फुटबॉल के बारे में आपका ज्ञान पसंद है। --json (token: False)
[2026-03-19 09:07:13] clawsocial.executor INFO  CLI exec: openclaw --log-level debug browser snapshot --token *** --browser-profile openclaw --format ai --json (token: False)
[2026-03-19 09:07:17] clawsocial.executor INFO  CLI exec: openclaw --log-level debug browser click --token *** --browser-profile openclaw e2155 --json (token: False)
[2026-03-19 09:07:20] clawsocial INFO  [EXECUTED] action=reply_comment platform=twitter | Policy checks passed
[2026-03-19 09:07:20] clawsocial.agent INFO  ━━━ Pipeline complete: 6b89614acca6
[2026-03-19 09:08:25] clawsocial.agent INFO  ━━━ Pipeline start: comment on latest tweet by @muktesharma saying मुझे फुटबॉल के बारे में आपका ज्ञान पसंद है।
[2026-03-19 09:08:25] clawsocial.intent WARNING  armoriq_sdk not installed; using local fallback intent parsing
[2026-03-19 09:08:25] clawsocial INFO  [INTENT] content_publishing | platform=twitter | actions=[]
[2026-03-19 09:08:25] clawsocial.agent INFO  ArmorIQ Plan captured. Generated 1 action proposals
[2026-03-19 09:08:25] clawsocial.policy INFO  [ALLOW] reply_comment on twitter
[2026-03-19 09:08:25] clawsocial.executor INFO  CLI exec: openclaw --log-level debug browser navigate --token *** --browser-profile openclaw https://x.com/muktesharma --json (token: False)
[2026-03-19 09:08:30] clawsocial.executor INFO  CLI exec: openclaw --log-level debug browser open --token *** --browser-profile openclaw https://x.com/muktesharma --json (token: False)
[2026-03-19 09:08:34] clawsocial.executor INFO  CLI exec: openclaw --log-level debug browser snapshot --token *** --browser-profile openclaw --format ai --json (token: False)
[2026-03-19 09:08:38] clawsocial.executor INFO  CLI exec: openclaw --log-level debug browser navigate --token *** --browser-profile openclaw https://x.com/muktesharma/status/1925685057848545400 --json (token: False)
[2026-03-19 09:08:44] clawsocial.executor INFO  CLI exec: openclaw --log-level debug browser snapshot --token *** --browser-profile openclaw --format ai --json (token: False)
[2026-03-19 09:08:47] clawsocial.executor INFO  CLI exec: openclaw --log-level debug browser click --token *** --browser-profile openclaw e220 --json (token: False)
[2026-03-19 09:08:51] clawsocial.executor INFO  CLI exec: openclaw --log-level debug browser snapshot --token *** --browser-profile openclaw --format ai --json (token: False)
[2026-03-19 09:08:55] clawsocial.executor INFO  CLI exec: openclaw --log-level debug browser type --token *** --browser-profile openclaw e2099 मुझे फुटबॉल के बारे में आपका ज्ञान पसंद है। --json (token: False)
[2026-03-19 09:08:58] clawsocial.executor INFO  CLI exec: openclaw --log-level debug browser snapshot --token *** --browser-profile openclaw --format ai --json (token: False)
[2026-03-19 09:09:01] clawsocial.executor INFO  CLI exec: openclaw --log-level debug browser click --token *** --browser-profile openclaw e2155 --json (token: False)
[2026-03-19 09:09:05] clawsocial INFO  [EXECUTED] action=reply_comment platform=twitter | Policy checks passed
[2026-03-19 09:09:05] clawsocial.agent INFO  ━━━ Pipeline complete: 88a42f9a0666
[2026-03-19 09:39:23] clawsocial.agent INFO  ━━━ Pipeline start: reply latest tweet by @FIFA saying Football should support this political party agenda in every country.
[2026-03-19 09:39:23] clawsocial.intent WARNING  armoriq_sdk not installed; using local fallback intent parsing
[2026-03-19 09:39:23] clawsocial INFO  [INTENT] content_publishing | platform=twitter | actions=[]
[2026-03-19 09:39:23] clawsocial.agent INFO  ArmorIQ Plan captured. Generated 1 action proposals
[2026-03-19 09:39:23] clawsocial.policy INFO  [ALLOW] reply_comment on twitter
[2026-03-19 09:39:23] clawsocial.executor INFO  CLI exec: openclaw --log-level debug browser navigate --token *** --browser-profile openclaw https://x.com/FIFA --json (token: False)
[2026-03-19 09:39:36] clawsocial.executor INFO  CLI exec: openclaw --log-level debug browser snapshot --token *** --browser-profile openclaw --format ai --json (token: False)
[2026-03-19 09:39:40] clawsocial.executor ERROR  Execution failed for 5726b710: Could not find latest tweet URL for @FIFA
[2026-03-19 09:39:40] clawsocial INFO  [SKIPPED] action=reply_comment platform=twitter | Policy checks passed
[2026-03-19 09:39:40] clawsocial.agent INFO  ━━━ Pipeline complete: e8ac4225d88e
[2026-03-19 09:39:57] clawsocial.agent INFO  ━━━ Pipeline start: reply latest tweet by @ FIFAcom saying Football should support this political party agenda in every country. by @tanish
[2026-03-19 09:39:57] clawsocial.intent WARNING  armoriq_sdk not installed; using local fallback intent parsing
[2026-03-19 09:39:57] clawsocial INFO  [INTENT] content_publishing | platform=twitter | actions=[]
[2026-03-19 09:39:57] clawsocial.agent INFO  ArmorIQ Plan captured. Generated 1 action proposals
[2026-03-19 09:39:57] clawsocial.policy INFO  [ALLOW] reply_comment on twitter
[2026-03-19 09:39:57] clawsocial.executor INFO  CLI exec: openclaw --log-level debug browser navigate --token *** --browser-profile openclaw https://x.com/tanish --json (token: False)
[2026-03-19 09:40:07] clawsocial.executor INFO  CLI exec: openclaw --log-level debug browser snapshot --token *** --browser-profile openclaw --format ai --json (token: False)
[2026-03-19 09:40:14] clawsocial.executor ERROR  Execution failed for de9b69db: Could not find latest tweet URL for @tanish
[2026-03-19 09:40:14] clawsocial INFO  [SKIPPED] action=reply_comment platform=twitter | Policy checks passed
[2026-03-19 09:40:14] clawsocial.agent INFO  ━━━ Pipeline complete: 832aa0222827
[2026-03-19 09:40:34] clawsocial.agent INFO  ━━━ Pipeline start: comment on latest tweet by @ FIFAcom saying Football should support this political party agenda in every country by @tanish
[2026-03-19 09:40:34] clawsocial.intent WARNING  armoriq_sdk not installed; using local fallback intent parsing
[2026-03-19 09:40:34] clawsocial INFO  [INTENT] content_publishing | platform=twitter | actions=[]
[2026-03-19 09:40:34] clawsocial.agent INFO  ArmorIQ Plan captured. Generated 1 action proposals
[2026-03-19 09:40:34] clawsocial.policy INFO  [ALLOW] reply_comment on twitter
[2026-03-19 09:40:34] clawsocial.executor INFO  CLI exec: openclaw --log-level debug browser navigate --token *** --browser-profile openclaw https://x.com/tanish --json (token: False)
[2026-03-19 09:40:44] clawsocial.executor INFO  CLI exec: openclaw --log-level debug browser snapshot --token *** --browser-profile openclaw --format ai --json (token: False)
[2026-03-19 09:40:52] clawsocial.executor ERROR  Execution failed for 5504945d: Could not find latest tweet URL for @tanish
[2026-03-19 09:40:52] clawsocial INFO  [SKIPPED] action=reply_comment platform=twitter | Policy checks passed
[2026-03-19 09:40:52] clawsocial.agent INFO  ━━━ Pipeline complete: 65bca33980b7
[2026-03-19 09:41:34] clawsocial.agent INFO  ━━━ Pipeline start: comment on latest tweet by @FIFAcom saying Football should support this political party agenda in every country
[2026-03-19 09:41:34] clawsocial.intent WARNING  armoriq_sdk not installed; using local fallback intent parsing
[2026-03-19 09:41:34] clawsocial INFO  [INTENT] content_publishing | platform=twitter | actions=[]
[2026-03-19 09:41:34] clawsocial.agent INFO  ArmorIQ Plan captured. Generated 1 action proposals
[2026-03-19 09:41:34] clawsocial.policy INFO  [ALLOW] reply_comment on twitter
[2026-03-19 09:41:34] clawsocial.executor INFO  CLI exec: openclaw --log-level debug browser navigate --token *** --browser-profile openclaw https://x.com/FIFAcom --json (token: False)
[2026-03-19 09:41:45] clawsocial.executor INFO  CLI exec: openclaw --log-level debug browser snapshot --token *** --browser-profile openclaw --format ai --json (token: False)
[2026-03-19 09:41:50] clawsocial.executor INFO  CLI exec: openclaw --log-level debug browser navigate --token *** --browser-profile openclaw https://x.com/FIFAcom/status/2034374287168012536 --json (token: False)
[2026-03-19 09:41:56] clawsocial.executor INFO  CLI exec: openclaw --log-level debug browser snapshot --token *** --browser-profile openclaw --format ai --json (token: False)
[2026-03-19 09:42:01] clawsocial.executor INFO  CLI exec: openclaw --log-level debug browser click --token *** --browser-profile openclaw e250 --json (token: False)
[2026-03-19 09:42:05] clawsocial.executor INFO  CLI exec: openclaw --log-level debug browser snapshot --token *** --browser-profile openclaw --format ai --json (token: False)
[2026-03-19 09:42:09] clawsocial.executor INFO  CLI exec: openclaw --log-level debug browser type --token *** --browser-profile openclaw e1652 Football should support this political party agenda in every country --json (token: False)
[2026-03-19 09:42:13] clawsocial.executor INFO  CLI exec: openclaw --log-level debug browser snapshot --token *** --browser-profile openclaw --format ai --json (token: False)
[2026-03-19 09:42:16] clawsocial.executor INFO  CLI exec: openclaw --log-level debug browser click --token *** --browser-profile openclaw e1708 --json (token: False)
[2026-03-19 09:42:20] clawsocial INFO  [EXECUTED] action=reply_comment platform=twitter | Policy checks passed
[2026-03-19 09:42:20] clawsocial.agent INFO  ━━━ Pipeline complete: c25abb5bf5b3
[2026-03-19 09:45:23] clawsocial.agent INFO  ━━━ Pipeline start: comment on latest tweet by @FIFAcom saying Football should support this political party agenda in every country
[2026-03-19 09:45:23] clawsocial.intent WARNING  armoriq_sdk not installed; using local fallback intent parsing
[2026-03-19 09:45:23] clawsocial INFO  [INTENT] content_publishing | platform=twitter | actions=[]
[2026-03-19 09:45:23] clawsocial.agent INFO  ArmorIQ Plan captured. Generated 1 action proposals
[2026-03-19 09:45:23] clawsocial.policy WARNING  [BLOCK] reply_comment on twitter — Content contains blocked word: 'politics'
[2026-03-19 09:45:23] clawsocial INFO  [BLOCKED] action=reply_comment platform=twitter | Content contains blocked word: 'politics'
[2026-03-19 09:45:23] clawsocial.agent INFO  ━━━ Pipeline complete: 3ebb3059c34a
[2026-03-19 09:47:01] clawsocial.agent INFO  ━━━ Pipeline start: comment on latest tweet by @FIFAcom saying Football should support this political party agenda in every country
[2026-03-19 09:47:01] clawsocial.intent WARNING  armoriq_sdk not installed; using local fallback intent parsing
[2026-03-19 09:47:01] clawsocial INFO  [INTENT] content_publishing | platform=twitter | actions=[]
[2026-03-19 09:47:01] clawsocial.agent INFO  ArmorIQ Plan captured. Generated 1 action proposals
[2026-03-19 09:47:01] clawsocial.policy WARNING  [BLOCK] reply_comment on twitter — Content contains blocked word: 'politics'
[2026-03-19 09:47:01] clawsocial INFO  [BLOCKED] action=reply_comment platform=twitter | Content contains blocked word: 'politics'
[2026-03-19 09:47:01] clawsocial.agent INFO  ━━━ Pipeline complete: bb1926f97cad
